<?xml version="1.0" encoding="utf-8"?><testsuites name="pytest tests"><testsuite name="pytest" errors="0" failures="0" skipped="0" tests="24" time="4.629" timestamp="2026-04-25T07:58:31.619104+00:00" hostname="agent-env-8d3f580e-9fa3-48e4-9fe2-51b4ffaf2cf8"><testcase classname="backend.tests.backend_test.TestPublic" name="test_root" time="0.155" /><testcase classname="backend.tests.backend_test.TestPublic" name="test_services_seeded" time="0.104" /><testcase classname="backend.tests.backend_test.TestPublic" name="test_services_filter" time="0.135" /><testcase classname="backend.tests.backend_test.TestPublic" name="test_products_seeded" time="0.105" /><testcase classname="backend.tests.backend_test.TestPublic" name="test_products_search" time="0.116" /><testcase classname="backend.tests.backend_test.TestPublic" name="test_stylists_seeded" time="0.102" /><testcase classname="backend.tests.backend_test.TestPublic" name="test_product_404" time="0.101" /><testcase classname="backend.tests.backend_test.TestAuth" name="test_login_admin" time="0.336" /><testcase classname="backend.tests.backend_test.TestAuth" name="test_login_invalid" time="0.105" /><testcase classname="backend.tests.backend_test.TestAuth" name="test_register_and_me" time="0.383" /><testcase classname="backend.tests.backend_test.TestAuth" name="test_register_duplicate" time="0.098" /><testcase classname="backend.tests.backend_test.TestAuth" name="test_me_unauth" time="0.097" /><testcase classname="backend.tests.backend_test.TestAuth" name="test_login_sets_cookie" time="0.319" /><testcase classname="backend.tests.backend_test.TestBookings" name="test_create_and_list_booking" time="0.591" /><testcase classname="backend.tests.backend_test.TestBookings" name="test_booking_unauth" time="0.163" /><testcase classname="backend.tests.backend_test.TestBookings" name="test_booking_invalid_service" time="0.103" /><testcase classname="backend.tests.backend_test.TestOrders" name="test_create_and_list_order" time="0.194" /><testcase classname="backend.tests.backend_test.TestOrders" name="test_empty_cart" time="0.105" /><testcase classname="backend.tests.backend_test.TestAdmin" name="test_role_enforcement" time="0.100" /><testcase classname="backend.tests.backend_test.TestAdmin" name="test_stats" time="0.112" /><testcase classname="backend.tests.backend_test.TestAdmin" name="test_admin_lists" time="0.187" /><testcase classname="backend.tests.backend_test.TestAdmin" name="test_service_crud" time="0.275" /><testcase classname="backend.tests.backend_test.TestAdmin" name="test_product_crud" time="0.286" /><testcase classname="backend.tests.backend_test.TestAdmin" name="test_booking_status_update" time="0.247" /></testsuite></testsuites>