<?xml version="1.0" encoding="utf-8"?><testsuites name="pytest tests"><testsuite name="pytest" errors="0" failures="0" skipped="0" tests="12" time="3.704" timestamp="2026-04-25T09:30:47.125622+00:00" hostname="agent-env-8d3f580e-9fa3-48e4-9fe2-51b4ffaf2cf8"><testcase classname="backend.tests.test_v2_features.TestSlotConflict" name="test_conflict_returns_409" time="0.778" /><testcase classname="backend.tests.test_v2_features.TestSlotConflict" name="test_different_time_same_stylist_ok" time="0.251" /><testcase classname="backend.tests.test_v2_features.TestAdminCalendar" name="test_requires_admin" time="0.048" /><testcase classname="backend.tests.test_v2_features.TestAdminCalendar" name="test_unauth_blocked" time="0.101" /><testcase classname="backend.tests.test_v2_features.TestAdminCalendar" name="test_returns_grouped_bookings" time="0.422" /><testcase classname="backend.tests.test_v2_features.TestUploadAndServe" name="test_upload_requires_admin" time="0.425" /><testcase classname="backend.tests.test_v2_features.TestUploadAndServe" name="test_upload_rejects_unsupported_type" time="0.426" /><testcase classname="backend.tests.test_v2_features.TestUploadAndServe" name="test_upload_and_serve_cycle" time="0.608" /><testcase classname="backend.tests.test_v2_features.TestUploadAndServe" name="test_serve_unknown_404" time="0.100" /><testcase classname="backend.tests.test_v2_features.TestRegression" name="test_login_admin" time="0.322" /><testcase classname="backend.tests.test_v2_features.TestRegression" name="test_services_public" time="0.099" /><testcase classname="backend.tests.test_v2_features.TestRegression" name="test_admin_bookings" time="0.044" /></testsuite></testsuites>